SF:lib\domain\usecases\search_movies.dart
DA:11,1
DA:13,1
DA:14,2
LF:3
LH:3
end_of_record
SF:lib\domain\usecases\search_tv_series.dart
DA:9,1
DA:11,1
DA:12,2
LF:3
LH:3
end_of_record
SF:lib\presentation\bloc\movie_search\movie_search_state.dart
DA:4,2
DA:6,1
DA:7,1
DA:17,2
DA:19,1
DA:20,2
DA:26,1
DA:28,1
DA:29,2
LF:9
LH:9
end_of_record
SF:lib\presentation\bloc\movie_search\movie_search_event.dart
DA:4,1
DA:6,0
DA:7,0
DA:15,1
DA:17,0
DA:18,0
LF:6
LH:2
end_of_record
SF:lib\presentation\bloc\movie_search\movie_search_bloc.dart
DA:13,3
DA:14,2
DA:15,1
DA:17,2
DA:18,3
DA:20,1
DA:21,1
DA:22,3
DA:24,1
DA:25,2
DA:28,1
LF:11
LH:11
end_of_record
SF:lib\presentation\bloc\tv_series_search\tv_series_search_state.dart
DA:4,2
DA:6,1
DA:7,1
DA:17,2
DA:19,1
DA:20,2
DA:26,1
DA:28,1
DA:29,2
LF:9
LH:9
end_of_record
SF:lib\presentation\bloc\tv_series_search\tv_series_search_event.dart
DA:4,1
DA:6,0
DA:7,0
DA:15,1
DA:17,0
DA:18,0
LF:6
LH:2
end_of_record
SF:lib\presentation\bloc\tv_series_search\tv_series_search_bloc.dart
DA:13,3
DA:14,2
DA:15,1
DA:17,2
DA:18,3
DA:20,1
DA:21,1
DA:22,3
DA:24,1
DA:25,2
DA:28,1
LF:11
LH:11
end_of_record
SF:lib\presentation\bloc\debounce.dart
DA:4,1
DA:5,3
LF:2
LH:2
end_of_record
